--------------------------------------------------------------------------------
Release 14.7 Trace  (nt64)
Copyright (c) 1995-2013 Xilinx, Inc.  All rights reserved.

C:\Xilinx\14.7\ISE_DS\ISE\bin\nt64\unwrapped\trce.exe -intstyle ise -v 3 -s 3
-n 3 -fastpaths -xml P2_SumRes_Anticipado.twx P2_SumRes_Anticipado.ncd -o
P2_SumRes_Anticipado.twr P2_SumRes_Anticipado.pcf -ucf Sumador_ucf.ucf

Design file:              P2_SumRes_Anticipado.ncd
Physical constraint file: P2_SumRes_Anticipado.pcf
Device,package,speed:     xc7a100t,csg324,C,-3 (PRODUCTION 1.10 2013-10-13)
Report level:             verbose report

Environment Variable      Effect 
--------------------      ------ 
NONE                      No environment variables were set
--------------------------------------------------------------------------------

INFO:Timing:2698 - No timing constraints found, doing default enumeration.
INFO:Timing:3412 - To improve timing, see the Timing Closure User Guide (UG612).
INFO:Timing:2752 - To get complete path coverage, use the unconstrained paths 
   option. All paths that are not constrained will be reported in the 
   unconstrained paths section(s) of the report.
INFO:Timing:3339 - The clock-to-out numbers in this timing report are based on 
   a 50 Ohm transmission line loading model.  For the details of this model, 
   and for more information on accounting for different loading conditions, 
   please see the device datasheet.



Data Sheet report:
-----------------
All values displayed in nanoseconds (ns)

Pad to Pad
---------------+---------------+---------+
Source Pad     |Destination Pad|  Delay  |
---------------+---------------+---------+
a<0>           |cout           |    9.558|
a<0>           |s<0>           |    8.452|
a<0>           |s<1>           |    8.702|
a<0>           |s<2>           |    9.654|
a<0>           |s<3>           |    9.714|
a<1>           |cout           |    7.886|
a<1>           |s<1>           |    7.040|
a<1>           |s<2>           |    7.982|
a<1>           |s<3>           |    8.042|
a<2>           |cout           |    7.324|
a<2>           |s<2>           |    6.952|
a<2>           |s<3>           |    6.998|
a<3>           |cout           |    6.921|
a<3>           |s<3>           |    6.829|
b<0>           |cout           |    9.449|
b<0>           |s<0>           |    8.571|
b<0>           |s<1>           |    8.591|
b<0>           |s<2>           |    9.545|
b<0>           |s<3>           |    9.605|
b<1>           |cout           |    8.960|
b<1>           |s<1>           |    8.110|
b<1>           |s<2>           |    9.056|
b<1>           |s<3>           |    9.116|
b<2>           |cout           |    6.941|
b<2>           |s<2>           |    7.287|
b<2>           |s<3>           |    7.166|
b<3>           |cout           |    7.308|
b<3>           |s<3>           |    6.908|
cin            |cout           |    8.389|
cin            |s<1>           |    7.547|
cin            |s<2>           |    8.485|
cin            |s<3>           |    8.545|
---------------+---------------+---------+


Analysis completed Thu Feb 21 17:34:04 2019 
--------------------------------------------------------------------------------

Trace Settings:
-------------------------
Trace Settings 

Peak Memory Usage: 4998 MB



