Command line:
   memTb_isim_beh.exe
     -simmode  gui
     -simrunnum  0
     -socket  50470

Thu Mar 28 17:10:24 2019


 Elaboration Time: 0.0625 sec

 Current Memory Usage: 5180.52 Meg

 Total Signals          : 11
 Total Nets             : 2074
 Total Signal Drivers   : 6
 Total Blocks           : 5
 Total Primitive Blocks : 4
 Total Processes        : 4
 Total Traceable Variables  : 13
 Total Scalar Nets and Variables : 2455
Total Line Count : 12

 Total Simulation Time: 0.15625 sec

 Current Memory Usage: 4708.66 Meg

Thu Mar 28 17:13:19 2019

