Running: C:\Xilinx\14.7\ISE_DS\ISE\bin\nt64\unwrapped\fuse.exe -intstyle ise -incremental -lib secureip -o B:/Arquitectura-Computadoras-ESCOM/memoriaDatos/memTb_isim_beh.exe -prj B:/Arquitectura-Computadoras-ESCOM/memoriaDatos/memTb_beh.prj work.memTb 
ISim P.20131013 (signature 0x7708f090)
Number of CPUs detected in this system: 4
Turning on mult-threading, number of parallel sub-compilation jobs: 8 
Determining compilation order of HDL files
Parsing VHDL file "B:/Arquitectura-Computadoras-ESCOM/memoriaDatos/memDatos.vhd" into library work
Parsing VHDL file "B:/Arquitectura-Computadoras-ESCOM/memoriaDatos/memTb.vhd" into library work
Starting static elaboration
Completed static elaboration
Compiling package standard
Compiling package std_logic_1164
Compiling package std_logic_arith
Compiling package std_logic_unsigned
Compiling architecture behavioral of entity memDatos [\memDatos(8,8)\]
Compiling architecture behavior of entity memtb
Time Resolution for simulation is 1ps.
Waiting for 1 sub-compilation(s) to finish...
Compiled 7 VHDL Units
Built simulation executable B:/Arquitectura-Computadoras-ESCOM/memoriaDatos/memTb_isim_beh.exe
Fuse Memory Usage: 33904 KB
Fuse CPU Usage: 515 ms
