Command line:
   barreltb_isim_beh.exe
     -simmode  gui
     -simrunnum  0
     -socket  50219

Thu Mar 07 17:42:13 2019


 Elaboration Time: 0.03125 sec

 Current Memory Usage: 5175.66 Meg

 Total Signals          : 6
 Total Nets             : 19
 Total Signal Drivers   : 3
 Total Blocks           : 3
 Total Primitive Blocks : 2
 Total Processes        : 2
 Total Traceable Variables  : 10
 Total Scalar Nets and Variables : 381
Total Line Count : 16

 Total Simulation Time: 0.046875 sec

 Current Memory Usage: 5490.23 Meg

Thu Mar 07 17:43:00 2019

